[2024-07-22 23:06:37,784] root - INFO - Model Recommendation Config: ModelRecommendationConfig(book_name_serialized_objects='artifacts\\serialized_objects\\book_names.pkl', book_pivot_serialized_objects='artifacts\\serialized_objects\\book_pivot.pkl', final_rating_serialized_objects='artifacts\\serialized_objects\\final_rating.pkl', trained_model_path='artifacts\\trained_model\\model.pkl')
[2024-07-22 23:06:38,433] root - INFO - Model Recommendation Config: ModelRecommendationConfig(book_name_serialized_objects='artifacts\\serialized_objects\\book_names.pkl', book_pivot_serialized_objects='artifacts\\serialized_objects\\book_pivot.pkl', final_rating_serialized_objects='artifacts\\serialized_objects\\final_rating.pkl', trained_model_path='artifacts\\trained_model\\model.pkl')
[2024-07-22 23:06:40,908] root - INFO - Model Recommendation Config: ModelRecommendationConfig(book_name_serialized_objects='artifacts\\serialized_objects\\book_names.pkl', book_pivot_serialized_objects='artifacts\\serialized_objects\\book_pivot.pkl', final_rating_serialized_objects='artifacts\\serialized_objects\\final_rating.pkl', trained_model_path='artifacts\\trained_model\\model.pkl')
[2024-07-22 23:06:53,873] root - INFO - Model Recommendation Config: ModelRecommendationConfig(book_name_serialized_objects='artifacts\\serialized_objects\\book_names.pkl', book_pivot_serialized_objects='artifacts\\serialized_objects\\book_pivot.pkl', final_rating_serialized_objects='artifacts\\serialized_objects\\final_rating.pkl', trained_model_path='artifacts\\trained_model\\model.pkl')
[2024-07-22 23:06:56,790] root - INFO - Model Recommendation Config: ModelRecommendationConfig(book_name_serialized_objects='artifacts\\serialized_objects\\book_names.pkl', book_pivot_serialized_objects='artifacts\\serialized_objects\\book_pivot.pkl', final_rating_serialized_objects='artifacts\\serialized_objects\\final_rating.pkl', trained_model_path='artifacts\\trained_model\\model.pkl')
[2024-07-22 23:07:12,285] root - INFO - Model Recommendation Config: ModelRecommendationConfig(book_name_serialized_objects='artifacts\\serialized_objects\\book_names.pkl', book_pivot_serialized_objects='artifacts\\serialized_objects\\book_pivot.pkl', final_rating_serialized_objects='artifacts\\serialized_objects\\final_rating.pkl', trained_model_path='artifacts\\trained_model\\model.pkl')
[2024-07-22 23:07:13,950] root - INFO - Model Recommendation Config: ModelRecommendationConfig(book_name_serialized_objects='artifacts\\serialized_objects\\book_names.pkl', book_pivot_serialized_objects='artifacts\\serialized_objects\\book_pivot.pkl', final_rating_serialized_objects='artifacts\\serialized_objects\\final_rating.pkl', trained_model_path='artifacts\\trained_model\\model.pkl')
[2024-07-22 23:07:45,688] root - INFO - Model Recommendation Config: ModelRecommendationConfig(book_name_serialized_objects='artifacts\\serialized_objects\\book_names.pkl', book_pivot_serialized_objects='artifacts\\serialized_objects\\book_pivot.pkl', final_rating_serialized_objects='artifacts\\serialized_objects\\final_rating.pkl', trained_model_path='artifacts\\trained_model\\model.pkl')
[2024-07-22 23:07:45,699] root - INFO - ====================Data Ingestion log started.==================== 
[2024-07-22 23:07:45,699] root - INFO - Data Ingestion Config: DatasetConfig(dataset_download_url='https://github.com/entbappy/Branching-tutorial/raw/master/books_data.zip', raw_data_dir='artifacts\\dataset\\raw_data', ingested_dir='artifacts\\dataset\\ingested_data')
[2024-07-22 23:07:45,699] root - INFO - Data Validation Config: DataValidationConfig(clean_data_dir='artifacts\\dataset\\clean_data', books_csv_file='artifacts\\dataset\\ingested_data\\BX-Books.csv', ratings_csv_file='artifacts\\dataset\\ingested_data\\BX-Book-Ratings.csv', serialized_objects_dir='artifacts\\serialized_objects')
[2024-07-22 23:07:45,699] root - INFO - Data Transformation Config: DataTransformationConfig(clean_data_file_path='artifacts\\dataset\\clean_data\\clean_data.csv', transformed_data_dir='artifacts\\dataset\\transformed_data')
[2024-07-22 23:07:45,699] root - INFO - Data Validation Config: DataValidationConfig(clean_data_dir='artifacts\\dataset\\clean_data', books_csv_file='artifacts\\dataset\\ingested_data\\BX-Books.csv', ratings_csv_file='artifacts\\dataset\\ingested_data\\BX-Book-Ratings.csv', serialized_objects_dir='artifacts\\serialized_objects')
[2024-07-22 23:07:45,699] root - INFO - Model Trainer Config: ModelTrainerConfig(transformed_data_file_dir='artifacts\\dataset\\transformed_data\\transformed_data.pkl', trained_model_dir='artifacts\\trained_model', trained_model_name='model.pkl')
[2024-07-22 23:07:45,704] root - INFO - Downloading data from https://github.com/entbappy/Branching-tutorial/raw/master/books_data.zip into file artifacts\dataset\raw_data\books_data.zip
[2024-07-22 23:07:59,111] root - INFO - Downloaded data from https://github.com/entbappy/Branching-tutorial/raw/master/books_data.zip into file artifacts\dataset\raw_data\books_data.zip
[2024-07-22 23:08:00,117] root - INFO - Extracting zip file: artifacts\dataset\raw_data\books_data.zip into dir: artifacts\dataset\ingested_data
[2024-07-22 23:08:00,117] root - INFO - ====================Data Ingestion log completed.==================== 


[2024-07-22 23:08:00,119] root - INFO - ====================Data Validation log started.==================== 
[2024-07-22 23:08:03,940] root - INFO -  Shape of ratings data file: (1149780, 3)
[2024-07-22 23:08:03,940] root - INFO -  Shape of books data file: (271360, 8)
[2024-07-22 23:08:06,204] root - INFO - Model Recommendation Config: ModelRecommendationConfig(book_name_serialized_objects='artifacts\\serialized_objects\\book_names.pkl', book_pivot_serialized_objects='artifacts\\serialized_objects\\book_pivot.pkl', final_rating_serialized_objects='artifacts\\serialized_objects\\final_rating.pkl', trained_model_path='artifacts\\trained_model\\model.pkl')
[2024-07-22 23:08:06,317] root - INFO -  Shape of the final clean dataset: (59850, 9)
[2024-07-22 23:08:07,148] root - INFO - Saved cleaned data to artifacts\dataset\clean_data
[2024-07-22 23:08:07,182] root - INFO - Saved final_rating serialization object to artifacts\serialized_objects
[2024-07-22 23:08:07,319] root - INFO - ====================Data Validation log completed.==================== 


[2024-07-22 23:08:07,319] root - INFO - ====================Data Transformation log started.==================== 
[2024-07-22 23:08:07,733] root - INFO -  Shape of book pivot table: (742, 888)
[2024-07-22 23:08:07,765] root - INFO - Saved pivot table data to artifacts\dataset\transformed_data
[2024-07-22 23:08:07,765] root - INFO - Saved book_names serialization object to artifacts\serialized_objects
[2024-07-22 23:08:07,780] root - INFO - Saved book_pivot serialization object to artifacts\serialized_objects
[2024-07-22 23:08:07,780] root - INFO - ====================Data Transformation log completed.==================== 


[2024-07-22 23:08:07,780] root - INFO - ====================Model Trainer log started.==================== 
[2024-07-22 23:08:07,828] root - INFO - Saving final model to artifacts\trained_model\model.pkl
[2024-07-22 23:08:07,828] root - INFO - ====================Model Trainer log completed.==================== 


[2024-07-22 23:08:08,197] root - INFO - Model Recommendation Config: ModelRecommendationConfig(book_name_serialized_objects='artifacts\\serialized_objects\\book_names.pkl', book_pivot_serialized_objects='artifacts\\serialized_objects\\book_pivot.pkl', final_rating_serialized_objects='artifacts\\serialized_objects\\final_rating.pkl', trained_model_path='artifacts\\trained_model\\model.pkl')
[2024-07-22 23:12:13,598] root - INFO - Model Recommendation Config: ModelRecommendationConfig(book_name_serialized_objects='artifacts\\serialized_objects\\book_names.pkl', book_pivot_serialized_objects='artifacts\\serialized_objects\\book_pivot.pkl', final_rating_serialized_objects='artifacts\\serialized_objects\\final_rating.pkl', trained_model_path='artifacts\\trained_model\\model.pkl')
[2024-07-22 23:12:16,335] root - INFO - Model Recommendation Config: ModelRecommendationConfig(book_name_serialized_objects='artifacts\\serialized_objects\\book_names.pkl', book_pivot_serialized_objects='artifacts\\serialized_objects\\book_pivot.pkl', final_rating_serialized_objects='artifacts\\serialized_objects\\final_rating.pkl', trained_model_path='artifacts\\trained_model\\model.pkl')
[2024-07-22 23:34:45,832] root - INFO - Model Recommendation Config: ModelRecommendationConfig(book_name_serialized_objects='artifacts\\serialized_objects\\book_names.pkl', book_pivot_serialized_objects='artifacts\\serialized_objects\\book_pivot.pkl', final_rating_serialized_objects='artifacts\\serialized_objects\\final_rating.pkl', trained_model_path='artifacts\\trained_model\\model.pkl')
[2024-07-22 23:34:51,363] root - INFO - Model Recommendation Config: ModelRecommendationConfig(book_name_serialized_objects='artifacts\\serialized_objects\\book_names.pkl', book_pivot_serialized_objects='artifacts\\serialized_objects\\book_pivot.pkl', final_rating_serialized_objects='artifacts\\serialized_objects\\final_rating.pkl', trained_model_path='artifacts\\trained_model\\model.pkl')
[2024-07-22 23:35:15,530] root - INFO - Model Recommendation Config: ModelRecommendationConfig(book_name_serialized_objects='artifacts\\serialized_objects\\book_names.pkl', book_pivot_serialized_objects='artifacts\\serialized_objects\\book_pivot.pkl', final_rating_serialized_objects='artifacts\\serialized_objects\\final_rating.pkl', trained_model_path='artifacts\\trained_model\\model.pkl')
[2024-07-22 23:35:16,858] root - INFO - Model Recommendation Config: ModelRecommendationConfig(book_name_serialized_objects='artifacts\\serialized_objects\\book_names.pkl', book_pivot_serialized_objects='artifacts\\serialized_objects\\book_pivot.pkl', final_rating_serialized_objects='artifacts\\serialized_objects\\final_rating.pkl', trained_model_path='artifacts\\trained_model\\model.pkl')
[2024-07-22 23:38:34,889] root - INFO - Model Recommendation Config: ModelRecommendationConfig(book_name_serialized_objects='artifacts\\serialized_objects\\book_names.pkl', book_pivot_serialized_objects='artifacts\\serialized_objects\\book_pivot.pkl', final_rating_serialized_objects='artifacts\\serialized_objects\\final_rating.pkl', trained_model_path='artifacts\\trained_model\\model.pkl')
[2024-07-22 23:38:40,480] root - INFO - Model Recommendation Config: ModelRecommendationConfig(book_name_serialized_objects='artifacts\\serialized_objects\\book_names.pkl', book_pivot_serialized_objects='artifacts\\serialized_objects\\book_pivot.pkl', final_rating_serialized_objects='artifacts\\serialized_objects\\final_rating.pkl', trained_model_path='artifacts\\trained_model\\model.pkl')
[2024-07-22 23:41:57,960] root - INFO - Model Recommendation Config: ModelRecommendationConfig(book_name_serialized_objects='artifacts\\serialized_objects\\book_names.pkl', book_pivot_serialized_objects='artifacts\\serialized_objects\\book_pivot.pkl', final_rating_serialized_objects='artifacts\\serialized_objects\\final_rating.pkl', trained_model_path='artifacts\\trained_model\\model.pkl')
[2024-07-22 23:42:01,722] root - INFO - Model Recommendation Config: ModelRecommendationConfig(book_name_serialized_objects='artifacts\\serialized_objects\\book_names.pkl', book_pivot_serialized_objects='artifacts\\serialized_objects\\book_pivot.pkl', final_rating_serialized_objects='artifacts\\serialized_objects\\final_rating.pkl', trained_model_path='artifacts\\trained_model\\model.pkl')
